[2022-10-19 18:43:12] [ INFO ] [CategoriaController:37] Se busco todas las categorias
[2022-10-19 18:43:12] [ INFO ] [CategoriaController:50] Se encontro la categoria economico
[2022-10-19 18:45:58] [ INFO ] [CategoriaController:37] Se busco todas las categorias
[2022-10-19 18:45:58] [ INFO ] [CategoriaController:50] Se encontro la categoria economico
[2022-10-19 18:45:58] [ INFO ] [CategoriaController:30] Se registro la categoria premium
[2022-10-19 18:45:58] [ INFO ] [CategoriaController:66] La categoria se actualizo
[2022-10-19 18:45:58] [ INFO ] [CategoriaController:58] Se elimino la categoria
[2022-10-19 19:19:37] [ INFO ] [CategoriaController:30] Se registro la categoria economico
[2022-10-19 19:21:11] [ INFO ] [CategoriaController:30] Se registro la categoria premium
[2022-10-19 19:22:24] [ INFO ] [CategoriaController:50] Se encontro la categoria economico
[2022-10-19 19:24:09] [ INFO ] [CategoriaController:37] Se busco todas las categorias
[2022-10-19 19:26:32] [ INFO ] [CategoriaController:66] La categoria se actualizo
[2022-10-19 19:28:09] [ INFO ] [CategoriaController:58] Se elimino la categoria
[2022-10-20 15:42:16] [ INFO ] [CategoriaController:30] Se registro la categoria economico
[2022-10-20 15:42:26] [ INFO ] [CategoriaController:50] Se encontro la categoria economico
[2022-10-20 16:08:36] [ INFO ] [CategoriaController:50] Se encontro la categoria economico
[2022-10-20 16:08:52] [ INFO ] [CategoriaController:50] Se encontro la categoria economico
[2022-10-20 16:10:13] [ INFO ] [CategoriaController:30] Se registro la categoria economico
[2022-10-20 16:12:02] [ INFO ] [CategoriaController:37] Se busco todas las categorias
[2022-10-20 16:16:32] [ INFO ] [CategoriaController:66] La categoria se actualizo
[2022-10-20 16:17:07] [ INFO ] [CategoriaController:58] Se elimino la categoria
[2022-10-20 16:19:05] [ INFO ] [CategoriaController:30] Se registro la categoria economico
[2022-10-20 16:19:10] [ INFO ] [CategoriaController:30] Se registro la categoria premium
[2022-10-20 16:19:14] [ INFO ] [CategoriaController:50] Se encontro la categoria economico
[2022-10-20 16:19:19] [ INFO ] [CategoriaController:37] Se busco todas las categorias
[2022-10-20 16:19:24] [ INFO ] [CategoriaController:66] La categoria se actualizo
[2022-10-20 16:19:28] [ INFO ] [CategoriaController:58] Se elimino la categoria
[2022-10-20 19:12:04] [ INFO ] [CategoriaController:30] Se registro la categoria economico
[2022-10-21 17:37:15] [ INFO ] [CategoriaController:30] Se registro la categoria economico
[2022-10-21 17:37:34] [ INFO ] [CategoriaController:30] Se registro la categoria premium
[2022-10-21 17:37:47] [ INFO ] [CategoriaController:50] Se encontro la categoria economico
[2022-10-21 17:37:58] [ INFO ] [CategoriaController:37] Se busco todas las categorias
[2022-10-21 17:38:05] [ INFO ] [CategoriaController:37] Se busco todas las categorias
[2022-10-21 17:38:14] [ INFO ] [CategoriaController:66] La categoria se actualizo
[2022-10-21 17:38:23] [ INFO ] [CategoriaController:58] Se elimino la categoria
